[2025-05-12 18:46:45] INFO: Starting web server on port 80.
[2025-05-12 18:47:36] INFO: Connection received from 10.0.0.3.
[2025-05-12 18:48:19] ERROR: Failed to authenticate user guest.
[2025-05-12 18:48:53] DEBUG: Session ID 1234 created.
[2025-05-12 18:49:58] INFO: Serving page /index.html
[2025-05-12 18:50:41] 404: Page not found /about.html
[2025-05-12 18:51:19] 404: Page not found /contact.html
[2025-05-12 18:52:17] INFO: Connection received from 10.0.0.4.
[2025-05-12 18:53:19] DEBUG: Session ID 1235 created.
[2025-05-12 18:54:04] INFO: Serving page /login.html
[2025-05-12 18:54:57] FAIL: Login failed for user admin.
[2025-05-12 18:55:50] WARN: User account locked after 3 failed attempts.
[2025-05-12 18:56:45] ERROR: Database connection timeout.
[2025-05-12 18:57:16] INFO: System health check passed.
[2025-05-12 18:57:38] DEBUG: Cache cleared for user session 1235.
[2025-05-12 18:58:22] INFO: Connection closed from 10.0.0.148.
[2025-05-12 18:59:04] 404: Page not found /missing.js
[2025-05-12 18:59:42] INFO: Backup process started.
[2025-05-12 19:00:18] DEBUG: Backup file size: 2849MB
[2025-05-12 19:01:11] INFO: Backup completed successfully.
[2025-05-12 19:01:57] INFO: Starting web server on port 80.
[2025-05-12 19:02:21] INFO: Connection received from 10.0.0.5.
[2025-05-12 19:02:54] ERROR: Failed to authenticate user guest.
[2025-05-12 19:03:31] DEBUG: Session ID 1236 created.
[2025-05-12 19:04:22] INFO: Serving page /index.html
[2025-05-12 19:04:54] 404: Page not found /about.html
[2025-05-12 19:05:37] 404: Page not found /contact.html
[2025-05-12 19:06:02] INFO: Connection received from 10.0.0.6.
[2025-05-12 19:06:34] DEBUG: Session ID 1237 created.
[2025-05-12 19:07:08] INFO: Serving page /login.html
[2025-05-12 19:07:35] FAIL: Login failed for user admin.
[2025-05-12 19:08:35] WARN: User account locked after 3 failed attempts.
[2025-05-12 19:09:06] ERROR: Database connection timeout.
[2025-05-12 19:09:28] INFO: System health check passed.
[2025-05-12 19:09:56] DEBUG: Cache cleared for user session 1237.
[2025-05-12 19:10:17] INFO: Connection closed from 10.0.0.233.
[2025-05-12 19:10:38] 404: Page not found /missing.js
[2025-05-12 19:11:11] INFO: Backup process started.
[2025-05-12 19:11:44] DEBUG: Backup file size: 2223MB
[2025-05-12 19:12:45] INFO: Backup completed successfully.
[2025-05-12 19:13:35] INFO: Starting web server on port 80.
[2025-05-12 19:14:02] INFO: Connection received from 10.0.0.7.
[2025-05-12 19:14:30] ERROR: Failed to authenticate user guest.
[2025-05-12 19:14:56] DEBUG: Session ID 1238 created.
[2025-05-12 19:15:54] INFO: Serving page /index.html
[2025-05-12 19:16:29] 404: Page not found /about.html
[2025-05-12 19:17:06] 404: Page not found /contact.html
[2025-05-12 19:17:33] INFO: Connection received from 10.0.0.8.
[2025-05-12 19:18:37] DEBUG: Session ID 1239 created.
[2025-05-12 19:19:19] INFO: Serving page /login.html
[2025-05-12 19:20:01] FAIL: Login failed for user admin.
[2025-05-12 19:20:44] WARN: User account locked after 3 failed attempts.
[2025-05-12 19:21:46] ERROR: Database connection timeout.
[2025-05-12 19:22:35] INFO: System health check passed.
[2025-05-12 19:22:58] DEBUG: Cache cleared for user session 1238.
[2025-05-12 19:23:23] INFO: Connection closed from 10.0.0.195.
[2025-05-12 19:24:15] 404: Page not found /missing.js
[2025-05-12 19:25:09] INFO: Backup process started.
[2025-05-12 19:25:36] DEBUG: Backup file size: 3629MB
[2025-05-12 19:26:35] INFO: Backup completed successfully.
[2025-05-12 19:26:57] INFO: Starting web server on port 80.
[2025-05-12 19:27:31] INFO: Connection received from 10.0.0.9.
[2025-05-12 19:28:01] ERROR: Failed to authenticate user guest.
[2025-05-12 19:28:25] DEBUG: Session ID 1240 created.
[2025-05-12 19:29:26] INFO: Serving page /index.html
[2025-05-12 19:30:01] 404: Page not found /about.html
[2025-05-12 19:30:26] 404: Page not found /contact.html
[2025-05-12 19:31:26] INFO: Connection received from 10.0.0.10.
[2025-05-12 19:32:20] DEBUG: Session ID 1241 created.
[2025-05-12 19:33:05] INFO: Serving page /login.html
[2025-05-12 19:34:08] FAIL: Login failed for user admin.
[2025-05-12 19:34:35] WARN: User account locked after 3 failed attempts.
[2025-05-12 19:35:21] ERROR: Database connection timeout.
[2025-05-12 19:36:07] INFO: System health check passed.
[2025-05-12 19:36:44] DEBUG: Cache cleared for user session 1234.
[2025-05-12 19:37:05] INFO: Connection closed from 10.0.0.240.
[2025-05-12 19:37:26] 404: Page not found /missing.js
[2025-05-12 19:38:08] INFO: Backup process started.
[2025-05-12 19:38:29] DEBUG: Backup file size: 2722MB
[2025-05-12 19:39:33] INFO: Backup completed successfully.
[2025-05-12 19:40:11] INFO: Starting web server on port 80.
[2025-05-12 19:41:10] INFO: Connection received from 10.0.0.11.
[2025-05-12 19:42:09] ERROR: Failed to authenticate user guest.
[2025-05-12 19:42:55] DEBUG: Session ID 1242 created.
[2025-05-12 19:43:54] INFO: Serving page /index.html
[2025-05-12 19:44:41] 404: Page not found /about.html
[2025-05-12 19:45:37] 404: Page not found /contact.html
[2025-05-12 19:45:58] INFO: Connection received from 10.0.0.12.
[2025-05-12 19:46:51] DEBUG: Session ID 1243 created.
[2025-05-12 19:47:42] INFO: Serving page /login.html
[2025-05-12 19:48:20] FAIL: Login failed for user admin.
[2025-05-12 19:49:04] WARN: User account locked after 3 failed attempts.
[2025-05-12 19:49:29] ERROR: Database connection timeout.
[2025-05-12 19:50:16] INFO: System health check passed.
[2025-05-12 19:51:07] DEBUG: Cache cleared for user session 1237.
[2025-05-12 19:51:49] INFO: Connection closed from 10.0.0.254.
[2025-05-12 19:52:22] 404: Page not found /missing.js
[2025-05-12 19:53:24] INFO: Backup process started.
[2025-05-12 19:54:11] DEBUG: Backup file size: 1185MB
[2025-05-12 19:54:54] INFO: Backup completed successfully.
[2025-05-12 19:55:35] INFO: Starting web server on port 80.
[2025-05-12 19:56:03] INFO: Connection received from 10.0.0.13.
[2025-05-12 19:56:43] ERROR: Failed to authenticate user guest.
[2025-05-12 19:57:29] DEBUG: Session ID 1244 created.
[2025-05-12 19:58:14] INFO: Serving page /index.html
[2025-05-12 19:59:05] 404: Page not found /about.html
[2025-05-12 19:59:45] 404: Page not found /contact.html
[2025-05-12 20:00:37] INFO: Connection received from 10.0.0.14.
[2025-05-12 20:01:31] DEBUG: Session ID 1245 created.
[2025-05-12 20:01:56] INFO: Serving page /login.html
[2025-05-12 20:02:24] FAIL: Login failed for user admin.
[2025-05-12 20:03:23] WARN: User account locked after 3 failed attempts.
[2025-05-12 20:04:16] ERROR: Database connection timeout.
[2025-05-12 20:04:51] INFO: System health check passed.
[2025-05-12 20:05:23] DEBUG: Cache cleared for user session 1239.
[2025-05-12 20:06:04] INFO: Connection closed from 10.0.0.71.
[2025-05-12 20:06:50] 404: Page not found /missing.js
[2025-05-12 20:07:18] INFO: Backup process started.
[2025-05-12 20:07:39] DEBUG: Backup file size: 2336MB
[2025-05-12 20:08:14] INFO: Backup completed successfully.
[2025-05-12 20:09:16] INFO: Starting web server on port 80.
[2025-05-12 20:10:00] INFO: Connection received from 10.0.0.15.
[2025-05-12 20:10:27] ERROR: Failed to authenticate user guest.
[2025-05-12 20:10:50] DEBUG: Session ID 1246 created.
[2025-05-12 20:11:53] INFO: Serving page /index.html
[2025-05-12 20:12:14] 404: Page not found /about.html
[2025-05-12 20:12:53] 404: Page not found /contact.html
[2025-05-12 20:13:22] INFO: Connection received from 10.0.0.16.
[2025-05-12 20:13:45] DEBUG: Session ID 1247 created.
[2025-05-12 20:14:29] INFO: Serving page /login.html
[2025-05-12 20:14:57] FAIL: Login failed for user admin.
[2025-05-12 20:15:23] WARN: User account locked after 3 failed attempts.
[2025-05-12 20:16:12] ERROR: Database connection timeout.
[2025-05-12 20:17:13] INFO: System health check passed.
[2025-05-12 20:17:42] DEBUG: Cache cleared for user session 1248.
[2025-05-12 20:18:11] INFO: Connection closed from 10.0.0.149.
[2025-05-12 20:18:57] 404: Page not found /missing.js
[2025-05-12 20:19:50] INFO: Backup process started.
[2025-05-12 20:20:38] DEBUG: Backup file size: 1418MB
[2025-05-12 20:21:43] INFO: Backup completed successfully.
[2025-05-12 20:22:18] INFO: Starting web server on port 80.
[2025-05-12 20:23:23] INFO: Connection received from 10.0.0.17.
[2025-05-12 20:24:02] ERROR: Failed to authenticate user guest.
[2025-05-12 20:24:50] DEBUG: Session ID 1248 created.
[2025-05-12 20:25:55] INFO: Serving page /index.html
[2025-05-12 20:26:44] 404: Page not found /about.html
[2025-05-12 20:27:23] 404: Page not found /contact.html
[2025-05-12 20:28:07] INFO: Connection received from 10.0.0.18.
[2025-05-12 20:28:35] DEBUG: Session ID 1249 created.
[2025-05-12 20:29:22] INFO: Serving page /login.html
[2025-05-12 20:30:25] FAIL: Login failed for user admin.
[2025-05-12 20:30:46] WARN: User account locked after 3 failed attempts.
[2025-05-12 20:31:45] ERROR: Database connection timeout.
[2025-05-12 20:32:32] INFO: System health check passed.
[2025-05-12 20:33:11] DEBUG: Cache cleared for user session 1249.
[2025-05-12 20:34:10] INFO: Connection closed from 10.0.0.33.
[2025-05-12 20:34:41] 404: Page not found /missing.js
[2025-05-12 20:35:36] INFO: Backup process started.
[2025-05-12 20:36:08] DEBUG: Backup file size: 3972MB
[2025-05-12 20:36:39] INFO: Backup completed successfully.
[2025-05-12 20:37:26] INFO: Starting web server on port 80.
[2025-05-12 20:38:22] INFO: Connection received from 10.0.0.19.
[2025-05-12 20:39:27] ERROR: Failed to authenticate user guest.
[2025-05-12 20:40:18] DEBUG: Session ID 1250 created.
[2025-05-12 20:41:16] INFO: Serving page /index.html
[2025-05-12 20:42:09] 404: Page not found /about.html
[2025-05-12 20:43:10] 404: Page not found /contact.html
[2025-05-12 20:43:34] INFO: Connection received from 10.0.0.20.
[2025-05-12 20:43:58] DEBUG: Session ID 1251 created.
[2025-05-12 20:44:22] INFO: Serving page /login.html
[2025-05-12 20:45:17] FAIL: Login failed for user admin.
[2025-05-12 20:45:50] WARN: User account locked after 3 failed attempts.
[2025-05-12 20:46:39] ERROR: Database connection timeout.
[2025-05-12 20:47:21] INFO: System health check passed.
[2025-05-12 20:48:00] DEBUG: Cache cleared for user session 1242.
[2025-05-12 20:48:25] INFO: Connection closed from 10.0.0.143.
[2025-05-12 20:49:05] 404: Page not found /missing.js
[2025-05-12 20:50:09] INFO: Backup process started.
[2025-05-12 20:50:54] DEBUG: Backup file size: 2752MB
[2025-05-12 20:51:57] INFO: Backup completed successfully.
[2025-05-12 20:52:58] INFO: Starting web server on port 80.
[2025-05-12 20:53:22] INFO: Connection received from 10.0.0.21.
[2025-05-12 20:53:42] ERROR: Failed to authenticate user guest.
[2025-05-12 20:54:24] DEBUG: Session ID 1252 created.
[2025-05-12 20:55:28] INFO: Serving page /index.html
[2025-05-12 20:56:33] 404: Page not found /about.html
[2025-05-12 20:57:25] 404: Page not found /contact.html
[2025-05-12 20:58:30] INFO: Connection received from 10.0.0.22.
[2025-05-12 20:59:29] DEBUG: Session ID 1253 created.
[2025-05-12 21:00:00] INFO: Serving page /login.html
[2025-05-12 21:00:43] FAIL: Login failed for user admin.
[2025-05-12 21:01:04] WARN: User account locked after 3 failed attempts.
[2025-05-12 21:02:05] ERROR: Database connection timeout.
[2025-05-12 21:02:26] INFO: System health check passed.
[2025-05-12 21:03:28] DEBUG: Cache cleared for user session 1237.
[2025-05-12 21:04:27] INFO: Connection closed from 10.0.0.8.
[2025-05-12 21:05:19] 404: Page not found /missing.js
[2025-05-12 21:05:59] INFO: Backup process started.
[2025-05-12 21:06:26] DEBUG: Backup file size: 3284MB
[2025-05-12 21:06:55] INFO: Backup completed successfully.
[2025-05-12 21:07:33] INFO: Starting web server on port 80.
[2025-05-12 21:08:00] INFO: Connection received from 10.0.0.23.
[2025-05-12 21:08:38] ERROR: Failed to authenticate user guest.
[2025-05-12 21:09:34] DEBUG: Session ID 1254 created.
[2025-05-12 21:09:59] INFO: Serving page /index.html
[2025-05-12 21:10:30] 404: Page not found /about.html
[2025-05-12 21:11:06] 404: Page not found /contact.html
[2025-05-12 21:11:48] INFO: Connection received from 10.0.0.24.
[2025-05-12 21:12:13] DEBUG: Session ID 1255 created.
[2025-05-12 21:13:11] INFO: Serving page /login.html
[2025-05-12 21:13:34] FAIL: Login failed for user admin.
[2025-05-12 21:14:35] WARN: User account locked after 3 failed attempts.
[2025-05-12 21:15:21] ERROR: Database connection timeout.
[2025-05-12 21:15:44] INFO: System health check passed.
[2025-05-12 21:16:39] DEBUG: Cache cleared for user session 1245.
[2025-05-12 21:17:34] INFO: Connection closed from 10.0.0.234.
[2025-05-12 21:18:28] 404: Page not found /missing.js
[2025-05-12 21:19:23] INFO: Backup process started.
[2025-05-12 21:20:10] DEBUG: Backup file size: 3434MB
[2025-05-12 21:20:30] INFO: Backup completed successfully.
[2025-05-12 21:21:29] INFO: Starting web server on port 80.
[2025-05-12 21:22:01] INFO: Connection received from 10.0.0.25.
[2025-05-12 21:22:59] ERROR: Failed to authenticate user guest.
[2025-05-12 21:23:26] DEBUG: Session ID 1256 created.
[2025-05-12 21:24:31] INFO: Serving page /index.html
[2025-05-12 21:24:56] 404: Page not found /about.html
[2025-05-12 21:25:49] 404: Page not found /contact.html
[2025-05-12 21:26:30] INFO: Connection received from 10.0.0.26.
[2025-05-12 21:27:34] DEBUG: Session ID 1257 created.
[2025-05-12 21:28:23] INFO: Serving page /login.html
[2025-05-12 21:28:53] FAIL: Login failed for user admin.
[2025-05-12 21:29:23] WARN: User account locked after 3 failed attempts.
[2025-05-12 21:29:55] ERROR: Database connection timeout.
[2025-05-12 21:30:40] INFO: System health check passed.
[2025-05-12 21:31:14] DEBUG: Cache cleared for user session 1250.
[2025-05-12 21:32:02] INFO: Connection closed from 10.0.0.246.
[2025-05-12 21:32:30] 404: Page not found /missing.js
[2025-05-12 21:33:03] INFO: Backup process started.
[2025-05-12 21:34:05] DEBUG: Backup file size: 3468MB
[2025-05-12 21:34:52] INFO: Backup completed successfully.
[2025-05-12 21:35:46] INFO: Starting web server on port 80.
[2025-05-12 21:36:09] INFO: Connection received from 10.0.0.27.
[2025-05-12 21:37:00] ERROR: Failed to authenticate user guest.
[2025-05-12 21:37:53] DEBUG: Session ID 1258 created.
[2025-05-12 21:38:33] INFO: Serving page /index.html
[2025-05-12 21:39:00] 404: Page not found /about.html
[2025-05-12 21:39:49] 404: Page not found /contact.html
[2025-05-12 21:40:12] INFO: Connection received from 10.0.0.28.
[2025-05-12 21:41:08] DEBUG: Session ID 1259 created.
[2025-05-12 21:41:50] INFO: Serving page /login.html
[2025-05-12 21:42:42] FAIL: Login failed for user admin.
[2025-05-12 21:43:44] WARN: User account locked after 3 failed attempts.
[2025-05-12 21:44:34] ERROR: Database connection timeout.
[2025-05-12 21:45:15] INFO: System health check passed.
[2025-05-12 21:46:10] DEBUG: Cache cleared for user session 1253.
[2025-05-12 21:46:37] INFO: Connection closed from 10.0.0.172.
[2025-05-12 21:47:32] 404: Page not found /missing.js
[2025-05-12 21:48:03] INFO: Backup process started.
[2025-05-12 21:49:03] DEBUG: Backup file size: 2012MB
[2025-05-12 21:50:06] INFO: Backup completed successfully.
[2025-05-12 21:50:34] INFO: Starting web server on port 80.
[2025-05-12 21:51:32] INFO: Connection received from 10.0.0.29.
[2025-05-12 21:52:03] ERROR: Failed to authenticate user guest.
[2025-05-12 21:52:39] DEBUG: Session ID 1260 created.
[2025-05-12 21:53:26] INFO: Serving page /index.html
[2025-05-12 21:53:49] 404: Page not found /about.html
[2025-05-12 21:54:53] 404: Page not found /contact.html
[2025-05-12 21:55:29] INFO: Connection received from 10.0.0.30.
[2025-05-12 21:56:15] DEBUG: Session ID 1261 created.
[2025-05-12 21:57:14] INFO: Serving page /login.html
[2025-05-12 21:57:46] FAIL: Login failed for user admin.
[2025-05-12 21:58:28] WARN: User account locked after 3 failed attempts.
[2025-05-12 21:58:55] ERROR: Database connection timeout.
[2025-05-12 21:59:58] INFO: System health check passed.
[2025-05-12 22:00:19] DEBUG: Cache cleared for user session 1259.
[2025-05-12 22:01:08] INFO: Connection closed from 10.0.0.1.
[2025-05-12 22:01:48] 404: Page not found /missing.js
[2025-05-12 22:02:10] INFO: Backup process started.
[2025-05-12 22:02:46] DEBUG: Backup file size: 1296MB
[2025-05-12 22:03:49] INFO: Backup completed successfully.
[2025-05-12 22:04:14] INFO: Starting web server on port 80.
[2025-05-12 22:05:10] INFO: Connection received from 10.0.0.31.
[2025-05-12 22:05:31] ERROR: Failed to authenticate user guest.
[2025-05-12 22:05:55] DEBUG: Session ID 1262 created.
[2025-05-12 22:06:18] INFO: Serving page /index.html
[2025-05-12 22:07:15] 404: Page not found /about.html
[2025-05-12 22:07:49] 404: Page not found /contact.html
[2025-05-12 22:08:22] INFO: Connection received from 10.0.0.32.
[2025-05-12 22:09:17] DEBUG: Session ID 1263 created.
[2025-05-12 22:09:59] INFO: Serving page /login.html
[2025-05-12 22:11:00] FAIL: Login failed for user admin.
[2025-05-12 22:12:04] WARN: User account locked after 3 failed attempts.
[2025-05-12 22:12:44] ERROR: Database connection timeout.
[2025-05-12 22:13:35] INFO: System health check passed.
[2025-05-12 22:13:59] DEBUG: Cache cleared for user session 1241.
[2025-05-12 22:15:04] INFO: Connection closed from 10.0.0.113.
[2025-05-12 22:15:27] 404: Page not found /missing.js
[2025-05-12 22:16:22] INFO: Backup process started.
[2025-05-12 22:17:22] DEBUG: Backup file size: 3719MB
[2025-05-12 22:17:59] INFO: Backup completed successfully.
[2025-05-12 22:18:41] INFO: Starting web server on port 80.
[2025-05-12 22:19:25] INFO: Connection received from 10.0.0.33.
[2025-05-12 22:20:08] ERROR: Failed to authenticate user guest.
[2025-05-12 22:20:46] DEBUG: Session ID 1264 created.
[2025-05-12 22:21:33] INFO: Serving page /index.html
[2025-05-12 22:22:19] 404: Page not found /about.html
[2025-05-12 22:23:21] 404: Page not found /contact.html
[2025-05-12 22:23:41] INFO: Connection received from 10.0.0.34.
[2025-05-12 22:24:24] DEBUG: Session ID 1265 created.
[2025-05-12 22:25:22] INFO: Serving page /login.html
[2025-05-12 22:25:51] FAIL: Login failed for user admin.
[2025-05-12 22:26:46] WARN: User account locked after 3 failed attempts.
[2025-05-12 22:27:47] ERROR: Database connection timeout.
[2025-05-12 22:28:25] INFO: System health check passed.
[2025-05-12 22:28:51] DEBUG: Cache cleared for user session 1263.
[2025-05-12 22:29:20] INFO: Connection closed from 10.0.0.26.
[2025-05-12 22:30:03] 404: Page not found /missing.js
[2025-05-12 22:30:29] INFO: Backup process started.
[2025-05-12 22:31:01] DEBUG: Backup file size: 3617MB
[2025-05-12 22:31:28] INFO: Backup completed successfully.
[2025-05-12 22:32:03] INFO: Starting web server on port 80.
[2025-05-12 22:33:02] INFO: Connection received from 10.0.0.35.
[2025-05-12 22:34:06] ERROR: Failed to authenticate user guest.
[2025-05-12 22:34:50] DEBUG: Session ID 1266 created.
[2025-05-12 22:35:10] INFO: Serving page /index.html
[2025-05-12 22:36:04] 404: Page not found /about.html
[2025-05-12 22:37:08] 404: Page not found /contact.html
[2025-05-12 22:37:31] INFO: Connection received from 10.0.0.36.
[2025-05-12 22:38:34] DEBUG: Session ID 1267 created.
[2025-05-12 22:39:31] INFO: Serving page /login.html
[2025-05-12 22:40:17] FAIL: Login failed for user admin.
[2025-05-12 22:40:49] WARN: User account locked after 3 failed attempts.
[2025-05-12 22:41:33] ERROR: Database connection timeout.
[2025-05-12 22:42:34] INFO: System health check passed.
[2025-05-12 22:43:06] DEBUG: Cache cleared for user session 1252.
[2025-05-12 22:43:43] INFO: Connection closed from 10.0.0.91.
[2025-05-12 22:44:27] 404: Page not found /missing.js
[2025-05-12 22:45:19] INFO: Backup process started.
[2025-05-12 22:45:40] DEBUG: Backup file size: 2640MB
[2025-05-12 22:46:02] INFO: Backup completed successfully.
[2025-05-12 22:46:52] INFO: Starting web server on port 80.
[2025-05-12 22:47:35] INFO: Connection received from 10.0.0.37.
[2025-05-12 22:48:19] ERROR: Failed to authenticate user guest.
[2025-05-12 22:49:20] DEBUG: Session ID 1268 created.
[2025-05-12 22:49:42] INFO: Serving page /index.html
[2025-05-12 22:50:35] 404: Page not found /about.html
[2025-05-12 22:51:29] 404: Page not found /contact.html
[2025-05-12 22:52:25] INFO: Connection received from 10.0.0.38.
[2025-05-12 22:53:10] DEBUG: Session ID 1269 created.
[2025-05-12 22:54:10] INFO: Serving page /login.html
[2025-05-12 22:55:13] FAIL: Login failed for user admin.
[2025-05-12 22:55:42] WARN: User account locked after 3 failed attempts.
[2025-05-12 22:56:23] ERROR: Database connection timeout.
[2025-05-12 22:57:19] INFO: System health check passed.
[2025-05-12 22:57:54] DEBUG: Cache cleared for user session 1255.
[2025-05-12 22:58:45] INFO: Connection closed from 10.0.0.38.
[2025-05-12 22:59:43] 404: Page not found /missing.js
[2025-05-12 23:00:33] INFO: Backup process started.
[2025-05-12 23:01:02] DEBUG: Backup file size: 3601MB
[2025-05-12 23:01:34] INFO: Backup completed successfully.
[2025-05-12 23:02:01] INFO: Starting web server on port 80.
[2025-05-12 23:03:00] INFO: Connection received from 10.0.0.39.
[2025-05-12 23:03:35] ERROR: Failed to authenticate user guest.
[2025-05-12 23:03:57] DEBUG: Session ID 1270 created.
[2025-05-12 23:04:54] INFO: Serving page /index.html
[2025-05-12 23:05:36] 404: Page not found /about.html
[2025-05-12 23:06:24] 404: Page not found /contact.html
[2025-05-12 23:07:00] INFO: Connection received from 10.0.0.40.
[2025-05-12 23:07:47] DEBUG: Session ID 1271 created.
[2025-05-12 23:08:35] INFO: Serving page /login.html
[2025-05-12 23:09:03] FAIL: Login failed for user admin.
[2025-05-12 23:09:26] WARN: User account locked after 3 failed attempts.
[2025-05-12 23:10:15] ERROR: Database connection timeout.
[2025-05-12 23:10:59] INFO: System health check passed.
[2025-05-12 23:11:39] DEBUG: Cache cleared for user session 1250.
[2025-05-12 23:12:30] INFO: Connection closed from 10.0.0.31.
[2025-05-12 23:12:52] 404: Page not found /missing.js
[2025-05-12 23:13:45] INFO: Backup process started.
[2025-05-12 23:14:43] DEBUG: Backup file size: 3199MB
[2025-05-12 23:15:08] INFO: Backup completed successfully.
[2025-05-12 23:15:51] INFO: Starting web server on port 80.
[2025-05-12 23:16:36] INFO: Connection received from 10.0.0.41.
[2025-05-12 23:17:31] ERROR: Failed to authenticate user guest.
[2025-05-12 23:18:19] DEBUG: Session ID 1272 created.
[2025-05-12 23:18:44] INFO: Serving page /index.html
[2025-05-12 23:19:24] 404: Page not found /about.html
[2025-05-12 23:20:20] 404: Page not found /contact.html
[2025-05-12 23:20:41] INFO: Connection received from 10.0.0.42.
[2025-05-12 23:21:17] DEBUG: Session ID 1273 created.
[2025-05-12 23:22:01] INFO: Serving page /login.html
[2025-05-12 23:22:55] FAIL: Login failed for user admin.
[2025-05-12 23:23:49] WARN: User account locked after 3 failed attempts.
[2025-05-12 23:24:19] ERROR: Database connection timeout.
[2025-05-12 23:24:59] INFO: System health check passed.
[2025-05-12 23:25:49] DEBUG: Cache cleared for user session 1274.
[2025-05-12 23:26:34] INFO: Connection closed from 10.0.0.176.
[2025-05-12 23:27:26] 404: Page not found /missing.js
[2025-05-12 23:28:27] INFO: Backup process started.
[2025-05-12 23:29:00] DEBUG: Backup file size: 3765MB
[2025-05-12 23:29:41] INFO: Backup completed successfully.
[2025-05-12 23:30:31] INFO: Starting web server on port 80.
[2025-05-12 23:31:10] INFO: Connection received from 10.0.0.43.
[2025-05-12 23:31:58] ERROR: Failed to authenticate user guest.
[2025-05-12 23:32:25] DEBUG: Session ID 1274 created.
[2025-05-12 23:33:05] INFO: Serving page /index.html
[2025-05-12 23:33:26] 404: Page not found /about.html
[2025-05-12 23:34:09] 404: Page not found /contact.html
[2025-05-12 23:34:43] INFO: Connection received from 10.0.0.44.
[2025-05-12 23:35:31] DEBUG: Session ID 1275 created.
[2025-05-12 23:36:11] INFO: Serving page /login.html
[2025-05-12 23:37:07] FAIL: Login failed for user admin.
[2025-05-12 23:37:39] WARN: User account locked after 3 failed attempts.
[2025-05-12 23:38:01] ERROR: Database connection timeout.
[2025-05-12 23:38:41] INFO: System health check passed.
[2025-05-12 23:39:08] DEBUG: Cache cleared for user session 1251.
[2025-05-12 23:39:49] INFO: Connection closed from 10.0.0.100.
[2025-05-12 23:40:34] 404: Page not found /missing.js
[2025-05-12 23:41:28] INFO: Backup process started.
[2025-05-12 23:42:00] DEBUG: Backup file size: 2222MB
[2025-05-12 23:42:48] INFO: Backup completed successfully.
[2025-05-12 23:43:09] INFO: Starting web server on port 80.
[2025-05-12 23:43:57] INFO: Connection received from 10.0.0.45.
[2025-05-12 23:44:38] ERROR: Failed to authenticate user guest.
[2025-05-12 23:45:37] DEBUG: Session ID 1276 created.
[2025-05-12 23:46:38] INFO: Serving page /index.html
[2025-05-12 23:47:31] 404: Page not found /about.html
[2025-05-12 23:47:56] 404: Page not found /contact.html
[2025-05-12 23:48:40] INFO: Connection received from 10.0.0.46.
[2025-05-12 23:49:00] DEBUG: Session ID 1277 created.
[2025-05-12 23:50:03] INFO: Serving page /login.html
[2025-05-12 23:51:08] FAIL: Login failed for user admin.
[2025-05-12 23:51:37] WARN: User account locked after 3 failed attempts.
[2025-05-12 23:52:03] ERROR: Database connection timeout.
[2025-05-12 23:52:42] INFO: System health check passed.
[2025-05-12 23:53:33] DEBUG: Cache cleared for user session 1262.
[2025-05-12 23:54:04] INFO: Connection closed from 10.0.0.90.
[2025-05-12 23:54:25] 404: Page not found /missing.js
[2025-05-12 23:55:21] INFO: Backup process started.
[2025-05-12 23:56:09] DEBUG: Backup file size: 2053MB
[2025-05-12 23:57:13] INFO: Backup completed successfully.
[2025-05-12 23:57:55] INFO: Starting web server on port 80.
[2025-05-12 23:58:24] INFO: Connection received from 10.0.0.47.
[2025-05-12 23:58:48] ERROR: Failed to authenticate user guest.
[2025-05-12 23:59:10] DEBUG: Session ID 1278 created.
[2025-05-13 00:00:05] INFO: Serving page /index.html
[2025-05-13 00:00:33] 404: Page not found /about.html
[2025-05-13 00:00:59] 404: Page not found /contact.html
[2025-05-13 00:01:46] INFO: Connection received from 10.0.0.48.
[2025-05-13 00:02:39] DEBUG: Session ID 1279 created.
[2025-05-13 00:03:23] INFO: Serving page /login.html
[2025-05-13 00:04:20] FAIL: Login failed for user admin.
[2025-05-13 00:04:45] WARN: User account locked after 3 failed attempts.
[2025-05-13 00:05:31] ERROR: Database connection timeout.
[2025-05-13 00:05:56] INFO: System health check passed.
[2025-05-13 00:06:50] DEBUG: Cache cleared for user session 1234.
[2025-05-13 00:07:50] INFO: Connection closed from 10.0.0.104.
[2025-05-13 00:08:52] 404: Page not found /missing.js
[2025-05-13 00:09:32] INFO: Backup process started.
[2025-05-13 00:10:22] DEBUG: Backup file size: 2132MB
[2025-05-13 00:10:48] INFO: Backup completed successfully.
[2025-05-13 00:11:18] INFO: Starting web server on port 80.
[2025-05-13 00:12:12] INFO: Connection received from 10.0.0.49.
[2025-05-13 00:13:17] ERROR: Failed to authenticate user guest.
[2025-05-13 00:14:10] DEBUG: Session ID 1280 created.
[2025-05-13 00:15:13] INFO: Serving page /index.html
[2025-05-13 00:15:58] 404: Page not found /about.html
[2025-05-13 00:17:01] 404: Page not found /contact.html
[2025-05-13 00:17:44] INFO: Connection received from 10.0.0.50.
[2025-05-13 00:18:43] DEBUG: Session ID 1281 created.
[2025-05-13 00:19:20] INFO: Serving page /login.html
[2025-05-13 00:20:17] FAIL: Login failed for user admin.
[2025-05-13 00:21:03] WARN: User account locked after 3 failed attempts.
[2025-05-13 00:21:29] ERROR: Database connection timeout.
[2025-05-13 00:22:02] INFO: System health check passed.
[2025-05-13 00:22:24] DEBUG: Cache cleared for user session 1255.
[2025-05-13 00:22:48] INFO: Connection closed from 10.0.0.195.
[2025-05-13 00:23:15] 404: Page not found /missing.js
[2025-05-13 00:24:01] INFO: Backup process started.
[2025-05-13 00:25:06] DEBUG: Backup file size: 3716MB
[2025-05-13 00:26:05] INFO: Backup completed successfully.
[2025-05-13 00:26:51] INFO: Starting web server on port 80.
[2025-05-13 00:27:26] INFO: Connection received from 10.0.0.51.
[2025-05-13 00:27:51] ERROR: Failed to authenticate user guest.
[2025-05-13 00:28:17] DEBUG: Session ID 1282 created.
[2025-05-13 00:28:49] INFO: Serving page /index.html
[2025-05-13 00:29:19] 404: Page not found /about.html
[2025-05-13 00:29:54] 404: Page not found /contact.html
[2025-05-13 00:30:23] INFO: Connection received from 10.0.0.52.
[2025-05-13 00:30:59] DEBUG: Session ID 1283 created.
[2025-05-13 00:32:03] INFO: Serving page /login.html
[2025-05-13 00:33:02] FAIL: Login failed for user admin.
[2025-05-13 00:33:39] WARN: User account locked after 3 failed attempts.
[2025-05-13 00:34:11] ERROR: Database connection timeout.
[2025-05-13 00:34:34] INFO: System health check passed.
[2025-05-13 00:35:17] DEBUG: Cache cleared for user session 1248.
[2025-05-13 00:36:06] INFO: Connection closed from 10.0.0.107.
[2025-05-13 00:37:11] 404: Page not found /missing.js
[2025-05-13 00:37:44] INFO: Backup process started.
[2025-05-13 00:38:15] DEBUG: Backup file size: 2877MB
[2025-05-13 00:39:08] INFO: Backup completed successfully.
[2025-05-13 00:40:03] INFO: Starting web server on port 80.
[2025-05-13 00:41:05] INFO: Connection received from 10.0.0.53.
[2025-05-13 00:42:03] ERROR: Failed to authenticate user guest.
[2025-05-13 00:42:54] DEBUG: Session ID 1284 created.
[2025-05-13 00:43:50] INFO: Serving page /index.html
[2025-05-13 00:44:39] 404: Page not found /about.html
[2025-05-13 00:45:13] 404: Page not found /contact.html
[2025-05-13 00:46:04] INFO: Connection received from 10.0.0.54.
[2025-05-13 00:46:46] DEBUG: Session ID 1285 created.
[2025-05-13 00:47:40] INFO: Serving page /login.html
[2025-05-13 00:48:24] FAIL: Login failed for user admin.
[2025-05-13 00:49:16] WARN: User account locked after 3 failed attempts.
[2025-05-13 00:50:07] ERROR: Database connection timeout.
[2025-05-13 00:50:51] INFO: System health check passed.
[2025-05-13 00:51:43] DEBUG: Cache cleared for user session 1258.
[2025-05-13 00:52:20] INFO: Connection closed from 10.0.0.3.
[2025-05-13 00:53:10] 404: Page not found /missing.js
[2025-05-13 00:54:05] INFO: Backup process started.
[2025-05-13 00:54:25] DEBUG: Backup file size: 1156MB
[2025-05-13 00:55:08] INFO: Backup completed successfully.
[2025-05-13 00:55:53] INFO: Starting web server on port 80.
[2025-05-13 00:56:17] INFO: Connection received from 10.0.0.55.
[2025-05-13 00:57:12] ERROR: Failed to authenticate user guest.
[2025-05-13 00:57:32] DEBUG: Session ID 1286 created.
[2025-05-13 00:58:34] INFO: Serving page /index.html
[2025-05-13 00:59:09] 404: Page not found /about.html
[2025-05-13 00:59:36] 404: Page not found /contact.html
[2025-05-13 01:00:38] INFO: Connection received from 10.0.0.56.
[2025-05-13 01:01:11] DEBUG: Session ID 1287 created.
[2025-05-13 01:02:06] INFO: Serving page /login.html
[2025-05-13 01:02:54] FAIL: Login failed for user admin.
[2025-05-13 01:03:22] WARN: User account locked after 3 failed attempts.
[2025-05-13 01:04:11] ERROR: Database connection timeout.
[2025-05-13 01:04:34] INFO: System health check passed.
[2025-05-13 01:05:14] DEBUG: Cache cleared for user session 1259.
[2025-05-13 01:05:43] INFO: Connection closed from 10.0.0.79.
[2025-05-13 01:06:25] 404: Page not found /missing.js
[2025-05-13 01:07:24] INFO: Backup process started.
[2025-05-13 01:08:29] DEBUG: Backup file size: 2674MB
[2025-05-13 01:08:59] INFO: Backup completed successfully.
[2025-05-13 01:09:43] INFO: Starting web server on port 80.
[2025-05-13 01:10:45] INFO: Connection received from 10.0.0.57.
[2025-05-13 01:11:44] ERROR: Failed to authenticate user guest.
[2025-05-13 01:12:14] DEBUG: Session ID 1288 created.
[2025-05-13 01:13:18] INFO: Serving page /index.html
[2025-05-13 01:13:43] 404: Page not found /about.html
[2025-05-13 01:14:20] 404: Page not found /contact.html
[2025-05-13 01:15:03] INFO: Connection received from 10.0.0.58.
[2025-05-13 01:15:27] DEBUG: Session ID 1289 created.
[2025-05-13 01:16:26] INFO: Serving page /login.html
[2025-05-13 01:16:46] FAIL: Login failed for user admin.
[2025-05-13 01:17:35] WARN: User account locked after 3 failed attempts.
[2025-05-13 01:18:07] ERROR: Database connection timeout.
[2025-05-13 01:18:32] INFO: System health check passed.
[2025-05-13 01:19:12] DEBUG: Cache cleared for user session 1255.
[2025-05-13 01:19:50] INFO: Connection closed from 10.0.0.212.
[2025-05-13 01:20:33] 404: Page not found /missing.js
[2025-05-13 01:21:20] INFO: Backup process started.
[2025-05-13 01:22:14] DEBUG: Backup file size: 3447MB
[2025-05-13 01:23:12] INFO: Backup completed successfully.
[2025-05-13 01:23:59] INFO: Starting web server on port 80.
[2025-05-13 01:24:20] INFO: Connection received from 10.0.0.59.
[2025-05-13 01:25:15] ERROR: Failed to authenticate user guest.
[2025-05-13 01:26:14] DEBUG: Session ID 1290 created.
[2025-05-13 01:27:02] INFO: Serving page /index.html
[2025-05-13 01:27:25] 404: Page not found /about.html
[2025-05-13 01:28:22] 404: Page not found /contact.html
[2025-05-13 01:28:55] INFO: Connection received from 10.0.0.60.
[2025-05-13 01:29:59] DEBUG: Session ID 1291 created.
[2025-05-13 01:30:32] INFO: Serving page /login.html
[2025-05-13 01:31:33] FAIL: Login failed for user admin.
[2025-05-13 01:32:29] WARN: User account locked after 3 failed attempts.
[2025-05-13 01:33:16] ERROR: Database connection timeout.
[2025-05-13 01:33:53] INFO: System health check passed.
[2025-05-13 01:34:50] DEBUG: Cache cleared for user session 1268.
[2025-05-13 01:35:33] INFO: Connection closed from 10.0.0.113.
[2025-05-13 01:36:07] 404: Page not found /missing.js
[2025-05-13 01:36:35] INFO: Backup process started.
[2025-05-13 01:37:00] DEBUG: Backup file size: 2135MB
[2025-05-13 01:38:01] INFO: Backup completed successfully.
[2025-05-13 01:38:36] INFO: Starting web server on port 80.
[2025-05-13 01:39:09] INFO: Connection received from 10.0.0.61.
[2025-05-13 01:40:07] ERROR: Failed to authenticate user guest.
[2025-05-13 01:40:54] DEBUG: Session ID 1292 created.
[2025-05-13 01:41:46] INFO: Serving page /index.html
[2025-05-13 01:42:47] 404: Page not found /about.html
[2025-05-13 01:43:35] 404: Page not found /contact.html
[2025-05-13 01:44:10] INFO: Connection received from 10.0.0.62.
[2025-05-13 01:44:59] DEBUG: Session ID 1293 created.
[2025-05-13 01:45:19] INFO: Serving page /login.html
[2025-05-13 01:45:42] FAIL: Login failed for user admin.
[2025-05-13 01:46:32] WARN: User account locked after 3 failed attempts.
[2025-05-13 01:47:00] ERROR: Database connection timeout.
[2025-05-13 01:48:03] INFO: System health check passed.
[2025-05-13 01:48:25] DEBUG: Cache cleared for user session 1287.
[2025-05-13 01:48:47] INFO: Connection closed from 10.0.0.185.
[2025-05-13 01:49:36] 404: Page not found /missing.js
[2025-05-13 01:50:34] INFO: Backup process started.
[2025-05-13 01:51:14] DEBUG: Backup file size: 1143MB
[2025-05-13 01:52:09] INFO: Backup completed successfully.
[2025-05-13 01:52:37] INFO: Starting web server on port 80.
[2025-05-13 01:53:11] INFO: Connection received from 10.0.0.63.
[2025-05-13 01:54:15] ERROR: Failed to authenticate user guest.
[2025-05-13 01:54:37] DEBUG: Session ID 1294 created.
[2025-05-13 01:54:58] INFO: Serving page /index.html
[2025-05-13 01:55:48] 404: Page not found /about.html
[2025-05-13 01:56:25] 404: Page not found /contact.html
[2025-05-13 01:57:07] INFO: Connection received from 10.0.0.64.
[2025-05-13 01:57:55] DEBUG: Session ID 1295 created.
[2025-05-13 01:58:23] INFO: Serving page /login.html
[2025-05-13 01:58:51] FAIL: Login failed for user admin.
[2025-05-13 01:59:54] WARN: User account locked after 3 failed attempts.
[2025-05-13 02:00:30] ERROR: Database connection timeout.
[2025-05-13 02:01:27] INFO: System health check passed.
[2025-05-13 02:02:24] DEBUG: Cache cleared for user session 1284.
[2025-05-13 02:03:23] INFO: Connection closed from 10.0.0.208.
[2025-05-13 02:04:12] 404: Page not found /missing.js
[2025-05-13 02:04:52] INFO: Backup process started.
[2025-05-13 02:05:54] DEBUG: Backup file size: 3246MB
[2025-05-13 02:06:34] INFO: Backup completed successfully.
[2025-05-13 02:07:19] INFO: Starting web server on port 80.
[2025-05-13 02:07:56] INFO: Connection received from 10.0.0.65.
[2025-05-13 02:08:38] ERROR: Failed to authenticate user guest.
[2025-05-13 02:09:43] DEBUG: Session ID 1296 created.
[2025-05-13 02:10:34] INFO: Serving page /index.html
[2025-05-13 02:11:39] 404: Page not found /about.html
[2025-05-13 02:12:13] 404: Page not found /contact.html
[2025-05-13 02:12:49] INFO: Connection received from 10.0.0.66.
[2025-05-13 02:13:24] DEBUG: Session ID 1297 created.
[2025-05-13 02:13:48] INFO: Serving page /login.html
[2025-05-13 02:14:30] FAIL: Login failed for user admin.
[2025-05-13 02:14:53] WARN: User account locked after 3 failed attempts.
[2025-05-13 02:15:13] ERROR: Database connection timeout.
[2025-05-13 02:15:53] INFO: System health check passed.
[2025-05-13 02:16:30] DEBUG: Cache cleared for user session 1238.
[2025-05-13 02:17:29] INFO: Connection closed from 10.0.0.46.
[2025-05-13 02:18:11] 404: Page not found /missing.js
[2025-05-13 02:18:46] INFO: Backup process started.
[2025-05-13 02:19:43] DEBUG: Backup file size: 2831MB
[2025-05-13 02:20:03] INFO: Backup completed successfully.
[2025-05-13 02:20:43] INFO: Starting web server on port 80.
[2025-05-13 02:21:46] INFO: Connection received from 10.0.0.67.
[2025-05-13 02:22:10] ERROR: Failed to authenticate user guest.
[2025-05-13 02:22:49] DEBUG: Session ID 1298 created.
[2025-05-13 02:23:21] INFO: Serving page /index.html
[2025-05-13 02:23:43] 404: Page not found /about.html
[2025-05-13 02:24:25] 404: Page not found /contact.html
[2025-05-13 02:24:58] INFO: Connection received from 10.0.0.68.
[2025-05-13 02:25:55] DEBUG: Session ID 1299 created.
[2025-05-13 02:26:52] INFO: Serving page /login.html
[2025-05-13 02:27:55] FAIL: Login failed for user admin.
[2025-05-13 02:28:29] WARN: User account locked after 3 failed attempts.
[2025-05-13 02:28:51] ERROR: Database connection timeout.
[2025-05-13 02:29:20] INFO: System health check passed.
[2025-05-13 02:30:12] DEBUG: Cache cleared for user session 1247.
[2025-05-13 02:30:35] INFO: Connection closed from 10.0.0.235.
[2025-05-13 02:31:05] 404: Page not found /missing.js
[2025-05-13 02:32:09] INFO: Backup process started.
[2025-05-13 02:32:32] DEBUG: Backup file size: 2156MB
[2025-05-13 02:33:21] INFO: Backup completed successfully.
[2025-05-13 02:33:51] INFO: Starting web server on port 80.
[2025-05-13 02:34:19] INFO: Connection received from 10.0.0.69.
[2025-05-13 02:35:21] ERROR: Failed to authenticate user guest.
[2025-05-13 02:36:11] DEBUG: Session ID 1300 created.
[2025-05-13 02:37:10] INFO: Serving page /index.html
[2025-05-13 02:37:58] 404: Page not found /about.html
[2025-05-13 02:38:50] 404: Page not found /contact.html
[2025-05-13 02:39:20] INFO: Connection received from 10.0.0.70.
[2025-05-13 02:40:01] DEBUG: Session ID 1301 created.
[2025-05-13 02:40:46] INFO: Serving page /login.html
[2025-05-13 02:41:39] FAIL: Login failed for user admin.
[2025-05-13 02:42:27] WARN: User account locked after 3 failed attempts.
[2025-05-13 02:42:48] ERROR: Database connection timeout.
[2025-05-13 02:43:14] INFO: System health check passed.
[2025-05-13 02:43:55] DEBUG: Cache cleared for user session 1292.
[2025-05-13 02:44:35] INFO: Connection closed from 10.0.0.119.
[2025-05-13 02:45:21] 404: Page not found /missing.js
[2025-05-13 02:46:15] INFO: Backup process started.
[2025-05-13 02:46:47] DEBUG: Backup file size: 3743MB
[2025-05-13 02:47:40] INFO: Backup completed successfully.
[2025-05-13 02:48:08] INFO: Starting web server on port 80.
[2025-05-13 02:48:34] INFO: Connection received from 10.0.0.71.
[2025-05-13 02:49:04] ERROR: Failed to authenticate user guest.
[2025-05-13 02:49:33] DEBUG: Session ID 1302 created.
[2025-05-13 02:50:14] INFO: Serving page /index.html
[2025-05-13 02:50:57] 404: Page not found /about.html
[2025-05-13 02:51:54] 404: Page not found /contact.html
[2025-05-13 02:52:26] INFO: Connection received from 10.0.0.72.
[2025-05-13 02:53:10] DEBUG: Session ID 1303 created.
[2025-05-13 02:53:53] INFO: Serving page /login.html
[2025-05-13 02:54:24] FAIL: Login failed for user admin.
[2025-05-13 02:55:10] WARN: User account locked after 3 failed attempts.
[2025-05-13 02:56:04] ERROR: Database connection timeout.
[2025-05-13 02:56:49] INFO: System health check passed.
[2025-05-13 02:57:43] DEBUG: Cache cleared for user session 1236.
[2025-05-13 02:58:43] INFO: Connection closed from 10.0.0.18.
[2025-05-13 02:59:33] 404: Page not found /missing.js
[2025-05-13 02:59:58] INFO: Backup process started.
[2025-05-13 03:00:44] DEBUG: Backup file size: 1425MB
[2025-05-13 03:01:44] INFO: Backup completed successfully.
[2025-05-13 03:02:40] INFO: Starting web server on port 80.
[2025-05-13 03:03:16] INFO: Connection received from 10.0.0.73.
[2025-05-13 03:04:13] ERROR: Failed to authenticate user guest.
[2025-05-13 03:04:37] DEBUG: Session ID 1304 created.
[2025-05-13 03:05:34] INFO: Serving page /index.html
[2025-05-13 03:06:38] 404: Page not found /about.html
[2025-05-13 03:07:39] 404: Page not found /contact.html
[2025-05-13 03:08:03] INFO: Connection received from 10.0.0.74.
[2025-05-13 03:08:46] DEBUG: Session ID 1305 created.
[2025-05-13 03:09:12] INFO: Serving page /login.html
[2025-05-13 03:10:03] FAIL: Login failed for user admin.
[2025-05-13 03:10:57] WARN: User account locked after 3 failed attempts.
[2025-05-13 03:11:35] ERROR: Database connection timeout.
[2025-05-13 03:12:31] INFO: System health check passed.
[2025-05-13 03:13:35] DEBUG: Cache cleared for user session 1282.
[2025-05-13 03:14:19] INFO: Connection closed from 10.0.0.179.
[2025-05-13 03:14:43] 404: Page not found /missing.js
[2025-05-13 03:15:37] INFO: Backup process started.
[2025-05-13 03:16:28] DEBUG: Backup file size: 1595MB
[2025-05-13 03:16:59] INFO: Backup completed successfully.
[2025-05-13 03:17:26] INFO: Starting web server on port 80.
[2025-05-13 03:18:02] INFO: Connection received from 10.0.0.75.
[2025-05-13 03:18:59] ERROR: Failed to authenticate user guest.
[2025-05-13 03:20:02] DEBUG: Session ID 1306 created.
[2025-05-13 03:20:56] INFO: Serving page /index.html
[2025-05-13 03:21:20] 404: Page not found /about.html
[2025-05-13 03:21:45] 404: Page not found /contact.html
[2025-05-13 03:22:46] INFO: Connection received from 10.0.0.76.
[2025-05-13 03:23:13] DEBUG: Session ID 1307 created.
[2025-05-13 03:24:04] INFO: Serving page /login.html
[2025-05-13 03:24:36] FAIL: Login failed for user admin.
[2025-05-13 03:25:11] WARN: User account locked after 3 failed attempts.
[2025-05-13 03:25:53] ERROR: Database connection timeout.
[2025-05-13 03:26:21] INFO: System health check passed.
[2025-05-13 03:27:22] DEBUG: Cache cleared for user session 1302.
[2025-05-13 03:28:24] INFO: Connection closed from 10.0.0.232.
[2025-05-13 03:29:07] 404: Page not found /missing.js
[2025-05-13 03:30:07] INFO: Backup process started.
[2025-05-13 03:31:05] DEBUG: Backup file size: 1533MB
[2025-05-13 03:32:01] INFO: Backup completed successfully.
[2025-05-13 03:32:31] INFO: Starting web server on port 80.
[2025-05-13 03:32:56] INFO: Connection received from 10.0.0.77.
[2025-05-13 03:33:46] ERROR: Failed to authenticate user guest.
[2025-05-13 03:34:30] DEBUG: Session ID 1308 created.
[2025-05-13 03:34:58] INFO: Serving page /index.html
[2025-05-13 03:36:02] 404: Page not found /about.html
[2025-05-13 03:36:27] 404: Page not found /contact.html
[2025-05-13 03:37:29] INFO: Connection received from 10.0.0.78.
[2025-05-13 03:37:55] DEBUG: Session ID 1309 created.
[2025-05-13 03:38:59] INFO: Serving page /login.html
[2025-05-13 03:39:39] FAIL: Login failed for user admin.
[2025-05-13 03:40:33] WARN: User account locked after 3 failed attempts.
[2025-05-13 03:41:08] ERROR: Database connection timeout.
[2025-05-13 03:41:53] INFO: System health check passed.
[2025-05-13 03:42:57] DEBUG: Cache cleared for user session 1309.
[2025-05-13 03:43:27] INFO: Connection closed from 10.0.0.173.
[2025-05-13 03:43:50] 404: Page not found /missing.js
[2025-05-13 03:44:10] INFO: Backup process started.
[2025-05-13 03:44:30] DEBUG: Backup file size: 1716MB
[2025-05-13 03:45:18] INFO: Backup completed successfully.
[2025-05-13 03:45:56] INFO: Starting web server on port 80.
[2025-05-13 03:46:26] INFO: Connection received from 10.0.0.79.
[2025-05-13 03:47:30] ERROR: Failed to authenticate user guest.
[2025-05-13 03:48:28] DEBUG: Session ID 1310 created.
[2025-05-13 03:49:09] INFO: Serving page /index.html
[2025-05-13 03:50:09] 404: Page not found /about.html
[2025-05-13 03:50:57] 404: Page not found /contact.html
[2025-05-13 03:51:29] INFO: Connection received from 10.0.0.80.
[2025-05-13 03:52:16] DEBUG: Session ID 1311 created.
[2025-05-13 03:52:45] INFO: Serving page /login.html
[2025-05-13 03:53:18] FAIL: Login failed for user admin.
[2025-05-13 03:53:46] WARN: User account locked after 3 failed attempts.
[2025-05-13 03:54:41] ERROR: Database connection timeout.
[2025-05-13 03:55:36] INFO: System health check passed.
[2025-05-13 03:56:25] DEBUG: Cache cleared for user session 1268.
[2025-05-13 03:57:23] INFO: Connection closed from 10.0.0.151.
[2025-05-13 03:57:48] 404: Page not found /missing.js
[2025-05-13 03:58:43] INFO: Backup process started.
[2025-05-13 03:59:22] DEBUG: Backup file size: 3774MB
[2025-05-13 04:00:13] INFO: Backup completed successfully.
[2025-05-13 04:00:49] INFO: Starting web server on port 80.
[2025-05-13 04:01:50] INFO: Connection received from 10.0.0.81.
[2025-05-13 04:02:20] ERROR: Failed to authenticate user guest.
[2025-05-13 04:03:19] DEBUG: Session ID 1312 created.
[2025-05-13 04:03:45] INFO: Serving page /index.html
[2025-05-13 04:04:40] 404: Page not found /about.html
[2025-05-13 04:05:24] 404: Page not found /contact.html
[2025-05-13 04:06:09] INFO: Connection received from 10.0.0.82.
[2025-05-13 04:06:49] DEBUG: Session ID 1313 created.
[2025-05-13 04:07:17] INFO: Serving page /login.html
[2025-05-13 04:07:50] FAIL: Login failed for user admin.
[2025-05-13 04:08:23] WARN: User account locked after 3 failed attempts.
[2025-05-13 04:08:45] ERROR: Database connection timeout.
[2025-05-13 04:09:11] INFO: System health check passed.
[2025-05-13 04:09:36] DEBUG: Cache cleared for user session 1291.
[2025-05-13 04:10:06] INFO: Connection closed from 10.0.0.186.
[2025-05-13 04:10:38] 404: Page not found /missing.js
[2025-05-13 04:11:16] INFO: Backup process started.
[2025-05-13 04:12:08] DEBUG: Backup file size: 1512MB
[2025-05-13 04:13:05] INFO: Backup completed successfully.
[2025-05-13 04:13:54] INFO: Starting web server on port 80.
[2025-05-13 04:14:30] INFO: Connection received from 10.0.0.83.
[2025-05-13 04:15:31] ERROR: Failed to authenticate user guest.
[2025-05-13 04:15:55] DEBUG: Session ID 1314 created.
[2025-05-13 04:16:37] INFO: Serving page /index.html
[2025-05-13 04:17:00] 404: Page not found /about.html
[2025-05-13 04:17:29] 404: Page not found /contact.html
[2025-05-13 04:18:05] INFO: Connection received from 10.0.0.84.
[2025-05-13 04:18:54] DEBUG: Session ID 1315 created.
[2025-05-13 04:19:51] INFO: Serving page /login.html
[2025-05-13 04:20:13] FAIL: Login failed for user admin.
[2025-05-13 04:21:12] WARN: User account locked after 3 failed attempts.
[2025-05-13 04:22:06] ERROR: Database connection timeout.
[2025-05-13 04:22:51] INFO: System health check passed.
[2025-05-13 04:23:14] DEBUG: Cache cleared for user session 1257.
[2025-05-13 04:23:37] INFO: Connection closed from 10.0.0.155.
[2025-05-13 04:24:06] 404: Page not found /missing.js
[2025-05-13 04:25:10] INFO: Backup process started.
[2025-05-13 04:25:54] DEBUG: Backup file size: 1683MB
[2025-05-13 04:26:17] INFO: Backup completed successfully.
[2025-05-13 04:26:56] INFO: Starting web server on port 80.
[2025-05-13 04:27:36] INFO: Connection received from 10.0.0.85.
[2025-05-13 04:28:24] ERROR: Failed to authenticate user guest.
[2025-05-13 04:29:13] DEBUG: Session ID 1316 created.
[2025-05-13 04:30:17] INFO: Serving page /index.html
[2025-05-13 04:30:37] 404: Page not found /about.html
[2025-05-13 04:31:24] 404: Page not found /contact.html
[2025-05-13 04:32:11] INFO: Connection received from 10.0.0.86.
[2025-05-13 04:33:13] DEBUG: Session ID 1317 created.
[2025-05-13 04:33:36] INFO: Serving page /login.html
[2025-05-13 04:34:31] FAIL: Login failed for user admin.
[2025-05-13 04:35:01] WARN: User account locked after 3 failed attempts.
[2025-05-13 04:35:36] ERROR: Database connection timeout.
[2025-05-13 04:36:41] INFO: System health check passed.
[2025-05-13 04:37:16] DEBUG: Cache cleared for user session 1307.
[2025-05-13 04:37:47] INFO: Connection closed from 10.0.0.100.
[2025-05-13 04:38:47] 404: Page not found /missing.js
[2025-05-13 04:39:08] INFO: Backup process started.
[2025-05-13 04:40:10] DEBUG: Backup file size: 3046MB
[2025-05-13 04:40:37] INFO: Backup completed successfully.
[2025-05-13 04:41:10] INFO: Starting web server on port 80.
[2025-05-13 04:42:05] INFO: Connection received from 10.0.0.87.
[2025-05-13 04:42:38] ERROR: Failed to authenticate user guest.
[2025-05-13 04:43:26] DEBUG: Session ID 1318 created.
[2025-05-13 04:43:54] INFO: Serving page /index.html
[2025-05-13 04:44:18] 404: Page not found /about.html
[2025-05-13 04:45:04] 404: Page not found /contact.html
[2025-05-13 04:45:48] INFO: Connection received from 10.0.0.88.
[2025-05-13 04:46:31] DEBUG: Session ID 1319 created.
[2025-05-13 04:47:07] INFO: Serving page /login.html
[2025-05-13 04:47:35] FAIL: Login failed for user admin.
[2025-05-13 04:48:32] WARN: User account locked after 3 failed attempts.
[2025-05-13 04:49:02] ERROR: Database connection timeout.
[2025-05-13 04:50:06] INFO: System health check passed.
[2025-05-13 04:50:38] DEBUG: Cache cleared for user session 1265.
[2025-05-13 04:51:27] INFO: Connection closed from 10.0.0.177.
[2025-05-13 04:51:51] 404: Page not found /missing.js
[2025-05-13 04:52:13] INFO: Backup process started.
[2025-05-13 04:52:43] DEBUG: Backup file size: 4048MB
[2025-05-13 04:53:05] INFO: Backup completed successfully.
[2025-05-13 04:54:08] INFO: Starting web server on port 80.
[2025-05-13 04:54:28] INFO: Connection received from 10.0.0.89.
[2025-05-13 04:55:31] ERROR: Failed to authenticate user guest.
[2025-05-13 04:56:23] DEBUG: Session ID 1320 created.
[2025-05-13 04:56:50] INFO: Serving page /index.html
[2025-05-13 04:57:35] 404: Page not found /about.html
[2025-05-13 04:58:34] 404: Page not found /contact.html
[2025-05-13 04:59:14] INFO: Connection received from 10.0.0.90.
[2025-05-13 04:59:38] DEBUG: Session ID 1321 created.
[2025-05-13 05:00:07] INFO: Serving page /login.html
[2025-05-13 05:00:56] FAIL: Login failed for user admin.
[2025-05-13 05:01:19] WARN: User account locked after 3 failed attempts.
[2025-05-13 05:02:07] ERROR: Database connection timeout.
[2025-05-13 05:02:36] INFO: System health check passed.
[2025-05-13 05:03:26] DEBUG: Cache cleared for user session 1272.
[2025-05-13 05:04:04] INFO: Connection closed from 10.0.0.238.
[2025-05-13 05:04:52] 404: Page not found /missing.js
[2025-05-13 05:05:49] INFO: Backup process started.
[2025-05-13 05:06:43] DEBUG: Backup file size: 2992MB
[2025-05-13 05:07:20] INFO: Backup completed successfully.
[2025-05-13 05:08:19] INFO: Starting web server on port 80.
[2025-05-13 05:09:12] INFO: Connection received from 10.0.0.91.
[2025-05-13 05:10:17] ERROR: Failed to authenticate user guest.
[2025-05-13 05:11:09] DEBUG: Session ID 1322 created.
[2025-05-13 05:11:52] INFO: Serving page /index.html
[2025-05-13 05:12:29] 404: Page not found /about.html
[2025-05-13 05:13:00] 404: Page not found /contact.html
[2025-05-13 05:13:51] INFO: Connection received from 10.0.0.92.
[2025-05-13 05:14:32] DEBUG: Session ID 1323 created.
[2025-05-13 05:15:22] INFO: Serving page /login.html
[2025-05-13 05:15:42] FAIL: Login failed for user admin.
[2025-05-13 05:16:16] WARN: User account locked after 3 failed attempts.
[2025-05-13 05:17:00] ERROR: Database connection timeout.
[2025-05-13 05:17:48] INFO: System health check passed.
[2025-05-13 05:18:15] DEBUG: Cache cleared for user session 1275.
[2025-05-13 05:18:54] INFO: Connection closed from 10.0.0.15.
[2025-05-13 05:19:46] 404: Page not found /missing.js
[2025-05-13 05:20:30] INFO: Backup process started.
[2025-05-13 05:21:28] DEBUG: Backup file size: 3366MB
[2025-05-13 05:22:15] INFO: Backup completed successfully.
[2025-05-13 05:23:09] INFO: Starting web server on port 80.
[2025-05-13 05:23:55] INFO: Connection received from 10.0.0.93.
[2025-05-13 05:24:43] ERROR: Failed to authenticate user guest.
[2025-05-13 05:25:09] DEBUG: Session ID 1324 created.
[2025-05-13 05:26:00] INFO: Serving page /index.html
[2025-05-13 05:26:50] 404: Page not found /about.html
[2025-05-13 05:27:38] 404: Page not found /contact.html
[2025-05-13 05:28:34] INFO: Connection received from 10.0.0.94.
[2025-05-13 05:29:36] DEBUG: Session ID 1325 created.
[2025-05-13 05:30:24] INFO: Serving page /login.html
[2025-05-13 05:30:58] FAIL: Login failed for user admin.
[2025-05-13 05:31:47] WARN: User account locked after 3 failed attempts.
[2025-05-13 05:32:19] ERROR: Database connection timeout.
[2025-05-13 05:33:08] INFO: System health check passed.
[2025-05-13 05:33:54] DEBUG: Cache cleared for user session 1308.
[2025-05-13 05:34:31] INFO: Connection closed from 10.0.0.129.
[2025-05-13 05:35:23] 404: Page not found /missing.js
[2025-05-13 05:35:53] INFO: Backup process started.
[2025-05-13 05:36:30] DEBUG: Backup file size: 2480MB
[2025-05-13 05:37:32] INFO: Backup completed successfully.
[2025-05-13 05:37:57] INFO: Starting web server on port 80.
[2025-05-13 05:38:41] INFO: Connection received from 10.0.0.95.
[2025-05-13 05:39:25] ERROR: Failed to authenticate user guest.
[2025-05-13 05:40:22] DEBUG: Session ID 1326 created.
[2025-05-13 05:41:00] INFO: Serving page /index.html
[2025-05-13 05:42:01] 404: Page not found /about.html
[2025-05-13 05:42:25] 404: Page not found /contact.html
[2025-05-13 05:43:20] INFO: Connection received from 10.0.0.96.
[2025-05-13 05:44:01] DEBUG: Session ID 1327 created.
[2025-05-13 05:44:46] INFO: Serving page /login.html
[2025-05-13 05:45:35] FAIL: Login failed for user admin.
[2025-05-13 05:46:23] WARN: User account locked after 3 failed attempts.
[2025-05-13 05:47:22] ERROR: Database connection timeout.
[2025-05-13 05:47:46] INFO: System health check passed.
[2025-05-13 05:48:27] DEBUG: Cache cleared for user session 1275.
[2025-05-13 05:49:05] INFO: Connection closed from 10.0.0.101.
[2025-05-13 05:49:41] 404: Page not found /missing.js
[2025-05-13 05:50:19] INFO: Backup process started.
[2025-05-13 05:50:54] DEBUG: Backup file size: 4010MB
[2025-05-13 05:51:17] INFO: Backup completed successfully.
[2025-05-13 05:52:08] INFO: Starting web server on port 80.
[2025-05-13 05:53:08] INFO: Connection received from 10.0.0.97.
[2025-05-13 05:53:53] ERROR: Failed to authenticate user guest.
[2025-05-13 05:54:42] DEBUG: Session ID 1328 created.
[2025-05-13 05:55:07] INFO: Serving page /index.html
[2025-05-13 05:56:05] 404: Page not found /about.html
[2025-05-13 05:56:40] 404: Page not found /contact.html
[2025-05-13 05:57:39] INFO: Connection received from 10.0.0.98.
[2025-05-13 05:58:25] DEBUG: Session ID 1329 created.
[2025-05-13 05:59:01] INFO: Serving page /login.html
[2025-05-13 05:59:35] FAIL: Login failed for user admin.
[2025-05-13 06:00:20] WARN: User account locked after 3 failed attempts.
[2025-05-13 06:01:04] ERROR: Database connection timeout.
[2025-05-13 06:01:35] INFO: System health check passed.
[2025-05-13 06:02:32] DEBUG: Cache cleared for user session 1288.
[2025-05-13 06:02:58] INFO: Connection closed from 10.0.0.141.
[2025-05-13 06:03:38] 404: Page not found /missing.js
[2025-05-13 06:04:08] INFO: Backup process started.
[2025-05-13 06:04:48] DEBUG: Backup file size: 3652MB
[2025-05-13 06:05:23] INFO: Backup completed successfully.
[2025-05-13 06:05:54] INFO: Starting web server on port 80.
[2025-05-13 06:06:44] INFO: Connection received from 10.0.0.99.
[2025-05-13 06:07:45] ERROR: Failed to authenticate user guest.
[2025-05-13 06:08:41] DEBUG: Session ID 1330 created.
[2025-05-13 06:09:23] INFO: Serving page /index.html
[2025-05-13 06:10:07] 404: Page not found /about.html
[2025-05-13 06:11:06] 404: Page not found /contact.html
[2025-05-13 06:11:38] INFO: Connection received from 10.0.0.100.
[2025-05-13 06:12:12] DEBUG: Session ID 1331 created.
[2025-05-13 06:13:13] INFO: Serving page /login.html
[2025-05-13 06:14:05] FAIL: Login failed for user admin.
[2025-05-13 06:14:25] WARN: User account locked after 3 failed attempts.
[2025-05-13 06:15:14] ERROR: Database connection timeout.
[2025-05-13 06:15:37] INFO: System health check passed.
[2025-05-13 06:16:34] DEBUG: Cache cleared for user session 1302.
[2025-05-13 06:17:06] INFO: Connection closed from 10.0.0.50.
[2025-05-13 06:17:53] 404: Page not found /missing.js
[2025-05-13 06:18:56] INFO: Backup process started.
[2025-05-13 06:19:42] DEBUG: Backup file size: 1836MB
[2025-05-13 06:20:34] INFO: Backup completed successfully.
[2025-05-13 06:21:07] INFO: Starting web server on port 80.
[2025-05-13 06:22:07] INFO: Connection received from 10.0.0.101.
[2025-05-13 06:22:43] ERROR: Failed to authenticate user guest.
[2025-05-13 06:23:40] DEBUG: Session ID 1332 created.
[2025-05-13 06:24:12] INFO: Serving page /index.html
[2025-05-13 06:25:11] 404: Page not found /about.html
[2025-05-13 06:25:34] 404: Page not found /contact.html
[2025-05-13 06:26:00] INFO: Connection received from 10.0.0.102.
[2025-05-13 06:26:56] DEBUG: Session ID 1333 created.
[2025-05-13 06:27:26] INFO: Serving page /login.html
[2025-05-13 06:28:27] FAIL: Login failed for user admin.
[2025-05-13 06:28:49] WARN: User account locked after 3 failed attempts.
[2025-05-13 06:29:49] ERROR: Database connection timeout.
[2025-05-13 06:30:35] INFO: System health check passed.
[2025-05-13 06:31:38] DEBUG: Cache cleared for user session 1254.
[2025-05-13 06:32:39] INFO: Connection closed from 10.0.0.23.
[2025-05-13 06:33:15] 404: Page not found /missing.js
[2025-05-13 06:34:19] INFO: Backup process started.
[2025-05-13 06:35:20] DEBUG: Backup file size: 3168MB
[2025-05-13 06:36:04] INFO: Backup completed successfully.
